# JRE version: Java(TM) SE Runtime Environment (8.0_25-b18) (build 1.8.0_25-b18)
# Java VM: Java HotSpot(TM) 64-Bit Server VM (25.25-b02 mixed mode windows-amd64 compressed oops)
Heap:
 PSYoungGen      total 36864K, used 17646K [0x00000000d7400000, 0x00000000dbc00000, 0x0000000100000000)
  eden space 31744K, 55% used [0x00000000d7400000,0x00000000d853baa8,0x00000000d9300000)
  from space 5120K, 0% used [0x00000000d9800000,0x00000000d9800000,0x00000000d9d00000)
  to   space 5120K, 0% used [0x00000000d9300000,0x00000000d9300000,0x00000000d9800000)
 ParOldGen       total 131584K, used 20856K [0x0000000085c00000, 0x000000008dc80000, 0x00000000d7400000)
  object space 131584K, 15% used [0x0000000085c00000,0x000000008705e1e0,0x000000008dc80000)
 Metaspace       used 11501K, capacity 11704K, committed 12032K, reserved 1060864K
  class space    used 1349K, capacity 1410K, committed 1536K, reserved 1048576K
GC Heap History (6 events):
Event: 0.621 GC heap before
{Heap before GC invocations=1 (full 0):
 PSYoungGen      total 36864K, used 25824K [0x00000000d7400000, 0x00000000d9d00000, 0x0000000100000000)
  eden space 31744K, 81% used [0x00000000d7400000,0x00000000d8d382b8,0x00000000d9300000)
  from space 5120K, 0% used [0x00000000d9800000,0x00000000d9800000,0x00000000d9d00000)
  to   space 5120K, 0% used [0x00000000d9300000,0x00000000d9300000,0x00000000d9800000)
 ParOldGen       total 84992K, used 0K [0x0000000085c00000, 0x000000008af00000, 0x00000000d7400000)
  object space 84992K, 0% used [0x0000000085c00000,0x0000000085c00000,0x000000008af00000)
 Metaspace       used 7830K, capacity 7904K, committed 8192K, reserved 1056768K
  class space    used 916K, capacity 960K, committed 1024K, reserved 1048576K
Event: 0.627 GC heap after
Heap after GC invocations=1 (full 0):
 PSYoungGen      total 36864K, used 5104K [0x00000000d7400000, 0x00000000d9d00000, 0x0000000100000000)
  eden space 31744K, 0% used [0x00000000d7400000,0x00000000d7400000,0x00000000d9300000)
  from space 5120K, 99% used [0x00000000d9300000,0x00000000d97fc020,0x00000000d9800000)
  to   space 5120K, 0% used [0x00000000d9800000,0x00000000d9800000,0x00000000d9d00000)
 ParOldGen       total 84992K, used 5898K [0x0000000085c00000, 0x000000008af00000, 0x00000000d7400000)
  object space 84992K, 6% used [0x0000000085c00000,0x00000000861c2bf8,0x000000008af00000)
 Metaspace       used 7830K, capacity 7904K, committed 8192K, reserved 1056768K
  class space    used 916K, capacity 960K, committed 1024K, reserved 1048576K
}
Event: 1.197 GC heap before
{Heap before GC invocations=2 (full 0):
 PSYoungGen      total 36864K, used 36848K [0x00000000d7400000, 0x00000000d9d00000, 0x0000000100000000)
  eden space 31744K, 100% used [0x00000000d7400000,0x00000000d9300000,0x00000000d9300000)
  from space 5120K, 99% used [0x00000000d9300000,0x00000000d97fc020,0x00000000d9800000)
  to   space 5120K, 0% used [0x00000000d9800000,0x00000000d9800000,0x00000000d9d00000)
 ParOldGen       total 84992K, used 5898K [0x0000000085c00000, 0x000000008af00000, 0x00000000d7400000)
  object space 84992K, 6% used [0x0000000085c00000,0x00000000861c2bf8,0x000000008af00000)
 Metaspace       used 9293K, capacity 9408K, committed 9600K, reserved 1058816K
  class space    used 1078K, capacity 1120K, committed 1152K, reserved 1048576K
Event: 1.220 GC heap after
Heap after GC invocations=2 (full 0):
 PSYoungGen      total 36864K, used 1296K [0x00000000d7400000, 0x00000000dbc00000, 0x0000000100000000)
  eden space 31744K, 0% used [0x00000000d7400000,0x00000000d7400000,0x00000000d9300000)
  from space 5120K, 25% used [0x00000000d9800000,0x00000000d9944010,0x00000000d9d00000)
  to   space 5120K, 0% used [0x00000000d9300000,0x00000000d9300000,0x00000000d9800000)
 ParOldGen       total 84992K, used 61203K [0x0000000085c00000, 0x000000008af00000, 0x00000000d7400000)
  object space 84992K, 72% used [0x0000000085c00000,0x00000000897c4c28,0x000000008af00000)
 Metaspace       used 9293K, capacity 9408K, committed 9600K, reserved 1058816K
  class space    used 1078K, capacity 1120K, committed 1152K, reserved 1048576K
}
Event: 1.220 GC heap before
{Heap before GC invocations=3 (full 1):
 PSYoungGen      total 36864K, used 1296K [0x00000000d7400000, 0x00000000dbc00000, 0x0000000100000000)
  eden space 31744K, 0% used [0x00000000d7400000,0x00000000d7400000,0x00000000d9300000)
  from space 5120K, 25% used [0x00000000d9800000,0x00000000d9944010,0x00000000d9d00000)
  to   space 5120K, 0% used [0x00000000d9300000,0x00000000d9300000,0x00000000d9800000)
 ParOldGen       total 84992K, used 61203K [0x0000000085c00000, 0x000000008af00000, 0x00000000d7400000)
  object space 84992K, 72% used [0x0000000085c00000,0x00000000897c4c28,0x000000008af00000)
 Metaspace       used 9293K, capacity 9408K, committed 9600K, reserved 1058816K
  class space    used 1078K, capacity 1120K, committed 1152K, reserved 1048576K
Event: 1.236 GC heap after
Heap after GC invocations=3 (full 1):
 PSYoungGen      total 36864K, used 0K [0x00000000d7400000, 0x00000000dbc00000, 0x0000000100000000)
  eden space 31744K, 0% used [0x00000000d7400000,0x00000000d7400000,0x00000000d9300000)
  from space 5120K, 0% used [0x00000000d9800000,0x00000000d9800000,0x00000000d9d00000)
  to   space 5120K, 0% used [0x00000000d9300000,0x00000000d9300000,0x00000000d9800000)
 ParOldGen       total 131584K, used 20856K [0x0000000085c00000, 0x000000008dc80000, 0x00000000d7400000)
  object space 131584K, 15% used [0x0000000085c00000,0x000000008705e1e0,0x000000008dc80000)
 Metaspace       used 9291K, capacity 9406K, committed 9600K, reserved 1058816K
  class space    used 1077K, capacity 1119K, committed 1152K, reserved 1048576K
}

